# JRE version: OpenJDK Runtime Environment (17.0.6) (build 17.0.6+0-b2043.56-10027231)
# Java VM: OpenJDK 64-Bit Server VM (17.0.6+0-b2043.56-10027231, mixed mode, tiered, compressed oops, compressed class ptrs, g1 gc, windows-amd64)
GC Precious Log:
 CPUs: 12 total, 12 available
 Memory: 16232M
 Large Page Support: Disabled
 NUMA Support: Disabled
 Compressed Oops: Enabled (Zero based)
 Heap Region Size: 2M
 Heap Min Capacity: 8M
 Heap Initial Capacity: 254M
 Heap Max Capacity: 4060M
 Pre-touch: Disabled
 Parallel Workers: 10
 Concurrent Workers: 3
 Concurrent Refinement Workers: 10
 Periodic GC: Disabled
Heap:
 garbage-first heap   total 202752K, used 70387K [0x0000000702400000, 0x0000000800000000)
  region size 2048K, 5 young (10240K), 1 survivors (2048K)
 Metaspace       used 60318K, committed 60608K, reserved 1105920K
  class space    used 6965K, committed 7104K, reserved 1048576K
GC Heap History (20 events):
Event: 1.046 GC heap before
{Heap before GC invocations=5 (full 0):
 garbage-first heap   total 55296K, used 18690K [0x0000000702400000, 0x0000000800000000)
  region size 2048K, 6 young (12288K), 5 survivors (10240K)
 Metaspace       used 30100K, committed 30272K, reserved 1081344K
  class space    used 3510K, committed 3584K, reserved 1048576K
}
Event: 1.050 GC heap after
{Heap after GC invocations=6 (full 0):
 garbage-first heap   total 55296K, used 17727K [0x0000000702400000, 0x0000000800000000)
  region size 2048K, 1 young (2048K), 1 survivors (2048K)
 Metaspace       used 30100K, committed 30272K, reserved 1081344K
  class space    used 3510K, committed 3584K, reserved 1048576K
}
Event: 1.230 GC heap before
{Heap before GC invocations=6 (full 0):
 garbage-first heap   total 55296K, used 40255K [0x0000000702400000, 0x0000000800000000)
  region size 2048K, 12 young (24576K), 1 survivors (2048K)
 Metaspace       used 32104K, committed 32320K, reserved 1081344K
  class space    used 3873K, committed 3968K, reserved 1048576K
}
Event: 1.237 GC heap after
{Heap after GC invocations=7 (full 0):
 garbage-first heap   total 55296K, used 24336K [0x0000000702400000, 0x0000000800000000)
  region size 2048K, 2 young (4096K), 2 survivors (4096K)
 Metaspace       used 32104K, committed 32320K, reserved 1081344K
  class space    used 3873K, committed 3968K, reserved 1048576K
}
Event: 1.379 GC heap before
{Heap before GC invocations=7 (full 0):
 garbage-first heap   total 55296K, used 36624K [0x0000000702400000, 0x0000000800000000)
  region size 2048K, 9 young (18432K), 2 survivors (4096K)
 Metaspace       used 35719K, committed 35968K, reserved 1081344K
  class space    used 4491K, committed 4608K, reserved 1048576K
}
Event: 1.383 GC heap after
{Heap after GC invocations=8 (full 0):
 garbage-first heap   total 157696K, used 25822K [0x0000000702400000, 0x0000000800000000)
  region size 2048K, 1 young (2048K), 1 survivors (2048K)
 Metaspace       used 35719K, committed 35968K, reserved 1081344K
  class space    used 4491K, committed 4608K, reserved 1048576K
}
Event: 1.954 GC heap before
{Heap before GC invocations=9 (full 0):
 garbage-first heap   total 96256K, used 81118K [0x0000000702400000, 0x0000000800000000)
  region size 2048K, 28 young (57344K), 1 survivors (2048K)
 Metaspace       used 45792K, committed 46080K, reserved 1089536K
  class space    used 5493K, committed 5632K, reserved 1048576K
}
Event: 1.963 GC heap after
{Heap after GC invocations=10 (full 0):
 garbage-first heap   total 96256K, used 33350K [0x0000000702400000, 0x0000000800000000)
  region size 2048K, 4 young (8192K), 4 survivors (8192K)
 Metaspace       used 45792K, committed 46080K, reserved 1089536K
  class space    used 5493K, committed 5632K, reserved 1048576K
}
Event: 1.973 GC heap before
{Heap before GC invocations=10 (full 0):
 garbage-first heap   total 96256K, used 35398K [0x0000000702400000, 0x0000000800000000)
  region size 2048K, 5 young (10240K), 4 survivors (8192K)
 Metaspace       used 45794K, committed 46080K, reserved 1089536K
  class space    used 5493K, committed 5632K, reserved 1048576K
}
Event: 1.981 GC heap after
{Heap after GC invocations=11 (full 0):
 garbage-first heap   total 96256K, used 35241K [0x0000000702400000, 0x0000000800000000)
  region size 2048K, 1 young (2048K), 1 survivors (2048K)
 Metaspace       used 45794K, committed 46080K, reserved 1089536K
  class space    used 5493K, committed 5632K, reserved 1048576K
}
Event: 2.208 GC heap before
{Heap before GC invocations=11 (full 0):
 garbage-first heap   total 96256K, used 65961K [0x0000000702400000, 0x0000000800000000)
  region size 2048K, 17 young (34816K), 1 survivors (2048K)
 Metaspace       used 48640K, committed 48896K, reserved 1097728K
  class space    used 5826K, committed 5952K, reserved 1048576K
}
Event: 2.215 GC heap after
{Heap after GC invocations=12 (full 0):
 garbage-first heap   total 96256K, used 39109K [0x0000000702400000, 0x0000000800000000)
  region size 2048K, 3 young (6144K), 3 survivors (6144K)
 Metaspace       used 48640K, committed 48896K, reserved 1097728K
  class space    used 5826K, committed 5952K, reserved 1048576K
}
Event: 2.426 GC heap before
{Heap before GC invocations=12 (full 0):
 garbage-first heap   total 96256K, used 69829K [0x0000000702400000, 0x0000000800000000)
  region size 2048K, 17 young (34816K), 3 survivors (6144K)
 Metaspace       used 50755K, committed 51072K, reserved 1097728K
  class space    used 6053K, committed 6208K, reserved 1048576K
}
Event: 2.434 GC heap after
{Heap after GC invocations=13 (full 0):
 garbage-first heap   total 96256K, used 45055K [0x0000000702400000, 0x0000000800000000)
  region size 2048K, 2 young (4096K), 2 survivors (4096K)
 Metaspace       used 50755K, committed 51072K, reserved 1097728K
  class space    used 6053K, committed 6208K, reserved 1048576K
}
Event: 2.697 GC heap before
{Heap before GC invocations=13 (full 0):
 garbage-first heap   total 96256K, used 71679K [0x0000000702400000, 0x0000000800000000)
  region size 2048K, 15 young (30720K), 2 survivors (4096K)
 Metaspace       used 54369K, committed 54656K, reserved 1097728K
  class space    used 6461K, committed 6592K, reserved 1048576K
}
Event: 2.707 GC heap after
{Heap after GC invocations=14 (full 0):
 garbage-first heap   total 202752K, used 48703K [0x0000000702400000, 0x0000000800000000)
  region size 2048K, 2 young (4096K), 2 survivors (4096K)
 Metaspace       used 54369K, committed 54656K, reserved 1097728K
  class space    used 6461K, committed 6592K, reserved 1048576K
}
Event: 3.880 GC heap before
{Heap before GC invocations=14 (full 0):
 garbage-first heap   total 202752K, used 128575K [0x0000000702400000, 0x0000000800000000)
  region size 2048K, 41 young (83968K), 2 survivors (4096K)
 Metaspace       used 59845K, committed 60096K, reserved 1105920K
  class space    used 6920K, committed 7040K, reserved 1048576K
}
Event: 3.893 GC heap after
{Heap after GC invocations=15 (full 0):
 garbage-first heap   total 202752K, used 62442K [0x0000000702400000, 0x0000000800000000)
  region size 2048K, 6 young (12288K), 6 survivors (12288K)
 Metaspace       used 59845K, committed 60096K, reserved 1105920K
  class space    used 6920K, committed 7040K, reserved 1048576K
}
Event: 3.928 GC heap before
{Heap before GC invocations=15 (full 0):
 garbage-first heap   total 202752K, used 64490K [0x0000000702400000, 0x0000000800000000)
  region size 2048K, 8 young (16384K), 6 survivors (12288K)
 Metaspace       used 59935K, committed 60160K, reserved 1105920K
  class space    used 6927K, committed 7040K, reserved 1048576K
}
Event: 3.934 GC heap after
{Heap after GC invocations=16 (full 0):
 garbage-first heap   total 202752K, used 64243K [0x0000000702400000, 0x0000000800000000)
  region size 2048K, 1 young (2048K), 1 survivors (2048K)
 Metaspace       used 59935K, committed 60160K, reserved 1105920K
  class space    used 6927K, committed 7040K, reserved 1048576K
}

