# JRE version: OpenJDK Runtime Environment (17.0.6) (build 17.0.6+0-b2043.56-10027231)
# Java VM: OpenJDK 64-Bit Server VM (17.0.6+0-b2043.56-10027231, mixed mode, tiered, compressed oops, compressed class ptrs, g1 gc, windows-amd64)
GC Precious Log:
 CPUs: 12 total, 12 available
 Memory: 16232M
 Large Page Support: Disabled
 NUMA Support: Disabled
 Compressed Oops: Enabled (Zero based)
 Heap Region Size: 2M
 Heap Min Capacity: 8M
 Heap Initial Capacity: 254M
 Heap Max Capacity: 4060M
 Pre-touch: Disabled
 Parallel Workers: 10
 Concurrent Workers: 3
 Concurrent Refinement Workers: 10
 Periodic GC: Disabled
Heap:
 garbage-first heap   total 96256K, used 49009K [0x0000000702400000, 0x0000000800000000)
  region size 2048K, 2 young (4096K), 2 survivors (4096K)
 Metaspace       used 54334K, committed 54592K, reserved 1097728K
  class space    used 6464K, committed 6592K, reserved 1048576K
GC Heap History (20 events):
Event: 0.679 GC heap after
{Heap after GC invocations=2 (full 0):
 garbage-first heap   total 260096K, used 10320K [0x0000000702400000, 0x0000000800000000)
  region size 2048K, 3 young (6144K), 3 survivors (6144K)
 Metaspace       used 20708K, committed 20928K, reserved 1073152K
  class space    used 2263K, committed 2368K, reserved 1048576K
}
Event: 0.697 GC heap before
{Heap before GC invocations=2 (full 0):
 garbage-first heap   total 260096K, used 10320K [0x0000000702400000, 0x0000000800000000)
  region size 2048K, 4 young (8192K), 3 survivors (6144K)
 Metaspace       used 21304K, committed 21504K, reserved 1073152K
  class space    used 2337K, committed 2432K, reserved 1048576K
}
Event: 0.699 GC heap after
{Heap after GC invocations=3 (full 0):
 garbage-first heap   total 260096K, used 10591K [0x0000000702400000, 0x0000000800000000)
  region size 2048K, 4 young (8192K), 4 survivors (8192K)
 Metaspace       used 21304K, committed 21504K, reserved 1073152K
  class space    used 2337K, committed 2432K, reserved 1048576K
}
Event: 0.980 GC heap before
{Heap before GC invocations=4 (full 0):
 garbage-first heap   total 55296K, used 39263K [0x0000000702400000, 0x0000000800000000)
  region size 2048K, 17 young (34816K), 4 survivors (8192K)
 Metaspace       used 29054K, committed 29376K, reserved 1081344K
  class space    used 3265K, committed 3392K, reserved 1048576K
}
Event: 0.984 GC heap after
{Heap after GC invocations=5 (full 0):
 garbage-first heap   total 55296K, used 16705K [0x0000000702400000, 0x0000000800000000)
  region size 2048K, 5 young (10240K), 5 survivors (10240K)
 Metaspace       used 29054K, committed 29376K, reserved 1081344K
  class space    used 3265K, committed 3392K, reserved 1048576K
}
Event: 1.016 GC heap before
{Heap before GC invocations=5 (full 0):
 garbage-first heap   total 55296K, used 18753K [0x0000000702400000, 0x0000000800000000)
  region size 2048K, 6 young (12288K), 5 survivors (10240K)
 Metaspace       used 30123K, committed 30400K, reserved 1081344K
  class space    used 3526K, committed 3648K, reserved 1048576K
}
Event: 1.020 GC heap after
{Heap after GC invocations=6 (full 0):
 garbage-first heap   total 55296K, used 17733K [0x0000000702400000, 0x0000000800000000)
  region size 2048K, 1 young (2048K), 1 survivors (2048K)
 Metaspace       used 30123K, committed 30400K, reserved 1081344K
  class space    used 3526K, committed 3648K, reserved 1048576K
}
Event: 1.190 GC heap before
{Heap before GC invocations=6 (full 0):
 garbage-first heap   total 55296K, used 40261K [0x0000000702400000, 0x0000000800000000)
  region size 2048K, 12 young (24576K), 1 survivors (2048K)
 Metaspace       used 32090K, committed 32320K, reserved 1081344K
  class space    used 3874K, committed 3968K, reserved 1048576K
}
Event: 1.195 GC heap after
{Heap after GC invocations=7 (full 0):
 garbage-first heap   total 55296K, used 23949K [0x0000000702400000, 0x0000000800000000)
  region size 2048K, 2 young (4096K), 2 survivors (4096K)
 Metaspace       used 32090K, committed 32320K, reserved 1081344K
  class space    used 3874K, committed 3968K, reserved 1048576K
}
Event: 1.346 GC heap before
{Heap before GC invocations=7 (full 0):
 garbage-first heap   total 55296K, used 36237K [0x0000000702400000, 0x0000000800000000)
  region size 2048K, 9 young (18432K), 2 survivors (4096K)
 Metaspace       used 35764K, committed 35968K, reserved 1081344K
  class space    used 4501K, committed 4608K, reserved 1048576K
}
Event: 1.351 GC heap after
{Heap after GC invocations=8 (full 0):
 garbage-first heap   total 157696K, used 25465K [0x0000000702400000, 0x0000000800000000)
  region size 2048K, 1 young (2048K), 1 survivors (2048K)
 Metaspace       used 35764K, committed 35968K, reserved 1081344K
  class space    used 4501K, committed 4608K, reserved 1048576K
}
Event: 1.912 GC heap before
{Heap before GC invocations=9 (full 0):
 garbage-first heap   total 96256K, used 80761K [0x0000000702400000, 0x0000000800000000)
  region size 2048K, 28 young (57344K), 1 survivors (2048K)
 Metaspace       used 45785K, committed 46080K, reserved 1089536K
  class space    used 5494K, committed 5632K, reserved 1048576K
}
Event: 1.923 GC heap after
{Heap after GC invocations=10 (full 0):
 garbage-first heap   total 96256K, used 33171K [0x0000000702400000, 0x0000000800000000)
  region size 2048K, 4 young (8192K), 4 survivors (8192K)
 Metaspace       used 45785K, committed 46080K, reserved 1089536K
  class space    used 5494K, committed 5632K, reserved 1048576K
}
Event: 1.934 GC heap before
{Heap before GC invocations=10 (full 0):
 garbage-first heap   total 96256K, used 35219K [0x0000000702400000, 0x0000000800000000)
  region size 2048K, 5 young (10240K), 4 survivors (8192K)
 Metaspace       used 45789K, committed 46080K, reserved 1089536K
  class space    used 5494K, committed 5632K, reserved 1048576K
}
Event: 1.942 GC heap after
{Heap after GC invocations=11 (full 0):
 garbage-first heap   total 96256K, used 35549K [0x0000000702400000, 0x0000000800000000)
  region size 2048K, 1 young (2048K), 1 survivors (2048K)
 Metaspace       used 45789K, committed 46080K, reserved 1089536K
  class space    used 5494K, committed 5632K, reserved 1048576K
}
Event: 2.156 GC heap before
{Heap before GC invocations=11 (full 0):
 garbage-first heap   total 96256K, used 68317K [0x0000000702400000, 0x0000000800000000)
  region size 2048K, 17 young (34816K), 1 survivors (2048K)
 Metaspace       used 48636K, committed 48896K, reserved 1097728K
  class space    used 5826K, committed 5952K, reserved 1048576K
}
Event: 2.162 GC heap after
{Heap after GC invocations=12 (full 0):
 garbage-first heap   total 96256K, used 39425K [0x0000000702400000, 0x0000000800000000)
  region size 2048K, 3 young (6144K), 3 survivors (6144K)
 Metaspace       used 48636K, committed 48896K, reserved 1097728K
  class space    used 5826K, committed 5952K, reserved 1048576K
}
Event: 2.379 GC heap before
{Heap before GC invocations=12 (full 0):
 garbage-first heap   total 96256K, used 70145K [0x0000000702400000, 0x0000000800000000)
  region size 2048K, 17 young (34816K), 3 survivors (6144K)
 Metaspace       used 50706K, committed 51008K, reserved 1097728K
  class space    used 6055K, committed 6208K, reserved 1048576K
}
Event: 2.387 GC heap after
{Heap after GC invocations=13 (full 0):
 garbage-first heap   total 96256K, used 45030K [0x0000000702400000, 0x0000000800000000)
  region size 2048K, 2 young (4096K), 2 survivors (4096K)
 Metaspace       used 50706K, committed 51008K, reserved 1097728K
  class space    used 6055K, committed 6208K, reserved 1048576K
}
Event: 2.679 GC heap before
{Heap before GC invocations=13 (full 0):
 garbage-first heap   total 96256K, used 71654K [0x0000000702400000, 0x0000000800000000)
  region size 2048K, 15 young (30720K), 2 survivors (4096K)
 Metaspace       used 54334K, committed 54592K, reserved 1097728K
  class space    used 6464K, committed 6592K, reserved 1048576K
}

